2014-02-28 02:52:51,382 INFO   (DOT.cpp:163) - DOT main has started 
2014-02-28 02:52:51,382 INFO   (DOT.cpp:186) - Debug mode on
2014-02-28 02:52:51,382 INFO   (DOT.cpp:209) - The global configuration file: emulations/alpha2/DefaultConfiguration_alpha2
2014-02-28 02:52:51,382 INFO  prepare(std (DOT.cpp:51) - Reading the configurations
2014-02-28 02:52:51,383 INFO  prepare(std (DOT.cpp:86) - Embedding is started
2014-02-28 02:52:51,386 INFO  prepare(std (DOT.cpp:100) - Instantiating the deployment specific devices
2014-02-28 02:52:51,386 INFO   (DOT.cpp:111) - DOT Deployment has started 
2014-02-28 02:52:51,386 INFO   (DOT.cpp:118) - DOT Topology is generated 
2014-02-28 07:45:19,816 INFO   (DOT.cpp:163) - DOT main has started 
2014-02-28 07:45:19,816 INFO   (DOT.cpp:209) - The global configuration file: emulations/alpha2/DefaultConfiguration_alpha2
2014-02-28 07:45:19,816 INFO  prepare(std (DOT.cpp:51) - Reading the configurations
2014-02-28 07:45:19,817 INFO  prepare(std (DOT.cpp:86) - Embedding is started
2014-02-28 07:45:19,822 INFO  prepare(std (DOT.cpp:100) - Instantiating the deployment specific devices
2014-02-28 07:45:19,822 INFO   (DOT.cpp:111) - DOT Deployment has started
2014-02-28 07:45:19,823 INFO   (DOT.cpp:118) - DOT Topology is generated
2014-03-03 19:28:37,169 INFO   (DOT.cpp:163) - DOT main has started 
2014-03-03 19:28:37,169 INFO   (DOT.cpp:209) - The global configuration file: ./emulations/alpha/DefaultConfiguration_alpha
2014-03-03 19:28:37,169 INFO  prepare(std (DOT.cpp:51) - Reading the configurations
2014-03-03 19:28:37,170 INFO  prepare(std (DOT.cpp:86) - Embedding is started
2014-03-03 19:28:37,172 INFO  prepare(std (DOT.cpp:100) - Instantiating the deployment specific devices
2014-03-03 19:28:37,172 INFO   (DOT.cpp:111) - DOT Deployment has started
2014-03-03 19:28:37,173 INFO   (DOT.cpp:118) - DOT Topology is generated
2014-03-03 19:28:52,856 INFO   (DOT.cpp:125) - Emulated network has been deployed 
2014-03-03 19:28:52,856 INFO   (DOT.cpp:134) - Generating Mapping File for DOT console 
2014-03-03 19:29:59,371 INFO   (DOT.cpp:163) - DOT main has started 
2014-03-03 19:29:59,371 INFO   (DOT.cpp:209) - The global configuration file: ./emulations/alpha/DefaultConfiguration_alpha
2014-03-03 19:29:59,371 INFO  prepare(std (DOT.cpp:51) - Reading the configurations
2014-03-03 19:29:59,372 INFO  prepare(std (DOT.cpp:86) - Embedding is started
2014-03-03 19:29:59,374 INFO  prepare(std (DOT.cpp:100) - Instantiating the deployment specific devices
2014-03-03 19:29:59,375 INFO   (DOT.cpp:111) - DOT Deployment has started
2014-03-03 19:29:59,375 INFO   (DOT.cpp:118) - DOT Topology is generated
2014-03-03 19:30:14,629 INFO   (DOT.cpp:125) - Emulated network has been deployed 
2014-03-03 19:30:14,629 INFO   (DOT.cpp:134) - Generating Mapping File for DOT console 
2014-03-03 19:36:42,060 INFO   (DOT.cpp:163) - DOT main has started 
2014-03-03 19:36:42,060 INFO   (DOT.cpp:209) - The global configuration file: emulations/alpha/DefaultConfiguration_alpha
2014-03-03 19:36:42,060 INFO  prepare(std (DOT.cpp:51) - Reading the configurations
2014-03-03 19:36:42,061 INFO  prepare(std (DOT.cpp:86) - Embedding is started
2014-03-03 19:36:42,062 INFO  prepare(std (DOT.cpp:100) - Instantiating the deployment specific devices
2014-03-03 19:36:42,063 INFO   (DOT.cpp:111) - DOT Deployment has started
2014-03-03 19:36:42,063 INFO   (DOT.cpp:118) - DOT Topology is generated
2014-03-03 19:37:00,368 INFO   (DOT.cpp:125) - Emulated network has been deployed 
2014-03-03 19:37:00,368 INFO   (DOT.cpp:134) - Generating Mapping File for DOT console 
2014-03-07 14:50:04,825 INFO   (DOT.cpp:163) - DOT main has started 
2014-03-07 14:50:04,825 INFO   (DOT.cpp:209) - The global configuration file: ./emulations/withloop/DefaultConfiguration_withloop
2014-03-07 14:50:04,825 INFO  prepare(std (DOT.cpp:51) - Reading the configurations
2014-03-07 14:50:04,826 INFO  prepare(std (DOT.cpp:86) - Embedding is started
2014-03-07 14:50:04,827 INFO  prepare(std (DOT.cpp:96) - Embedding is not successful
2014-03-07 14:50:04,827 INFO   (DOT.cpp:111) - DOT Deployment has started
2014-03-07 14:51:52,237 INFO   (DOT.cpp:163) - DOT main has started 
2014-03-07 14:51:52,237 INFO   (DOT.cpp:209) - The global configuration file: ./emulations/withloop/DefaultConfiguration_withloop
2014-03-07 14:51:52,237 INFO  prepare(std (DOT.cpp:51) - Reading the configurations
2014-03-07 14:51:52,238 INFO  prepare(std (DOT.cpp:86) - Embedding is started
2014-03-07 14:51:52,239 INFO  prepare(std (DOT.cpp:96) - Embedding is not successful
2014-03-07 14:51:52,239 INFO   (DOT.cpp:111) - DOT Deployment has started
2014-03-07 14:52:46,989 INFO   (DOT.cpp:163) - DOT main has started 
2014-03-07 14:52:46,989 INFO   (DOT.cpp:209) - The global configuration file: ./emulations/withloop/DefaultConfiguration_withloop
2014-03-07 14:52:46,989 INFO  prepare(std (DOT.cpp:51) - Reading the configurations
2014-03-07 14:52:46,990 INFO  prepare(std (DOT.cpp:86) - Embedding is started
2014-03-07 14:52:46,992 INFO  prepare(std (DOT.cpp:96) - Embedding is not successful
2014-03-07 14:52:46,992 INFO   (DOT.cpp:111) - DOT Deployment has started
2014-03-07 14:53:36,180 INFO   (DOT.cpp:163) - DOT main has started 
2014-03-07 14:53:36,180 INFO   (DOT.cpp:209) - The global configuration file: ./emulations/withloop/DefaultConfiguration_withloop
2014-03-07 14:53:36,180 INFO  prepare(std (DOT.cpp:51) - Reading the configurations
2014-03-07 14:53:36,181 INFO  prepare(std (DOT.cpp:86) - Embedding is started
2014-03-07 14:53:36,186 INFO  prepare(std (DOT.cpp:100) - Instantiating the deployment specific devices
2014-03-07 14:53:36,186 INFO   (DOT.cpp:111) - DOT Deployment has started
2014-03-07 14:53:36,188 INFO   (DOT.cpp:118) - DOT Topology is generated
2014-03-07 14:53:52,540 INFO   (DOT.cpp:163) - DOT main has started 
2014-03-07 14:53:52,540 INFO   (DOT.cpp:209) - The global configuration file: ./emulations/withloop/DefaultConfiguration_withloop
2014-03-07 14:53:52,540 INFO  prepare(std (DOT.cpp:51) - Reading the configurations
2014-03-07 14:53:52,541 INFO  prepare(std (DOT.cpp:86) - Embedding is started
2014-03-07 14:53:52,544 INFO  prepare(std (DOT.cpp:100) - Instantiating the deployment specific devices
2014-03-07 14:53:52,545 INFO   (DOT.cpp:111) - DOT Deployment has started
2014-03-07 14:53:52,545 INFO   (DOT.cpp:118) - DOT Topology is generated
2014-03-27 10:49:21,352 INFO   (DOT.cpp:164) - DOT main has started 
2014-03-27 10:49:21,352 INFO   (DOT.cpp:187) - Debug mode on
2014-03-27 10:49:21,352 INFO   (DOT.cpp:210) - The global configuration file: emulations/withloop/DefaultConfiguration_alpha2
2014-03-27 10:49:21,352 INFO  prepare(std (DOT.cpp:51) - Reading the configurations
2014-03-27 10:49:21,353 INFO  prepare(std (DOT.cpp:86) - Embedding is started
2014-03-27 10:50:36,424 INFO   (DOT.cpp:164) - DOT main has started 
2014-03-27 10:50:36,424 INFO   (DOT.cpp:187) - Debug mode on
2014-03-27 10:50:36,424 INFO   (DOT.cpp:210) - The global configuration file: emulations/alpha2/DefaultConfiguration_alpha2
2014-03-27 10:50:36,424 INFO  prepare(std (DOT.cpp:51) - Reading the configurations
2014-03-27 10:50:36,425 INFO  prepare(std (DOT.cpp:86) - Embedding is started
2014-03-27 10:50:36,428 INFO  prepare(std (DOT.cpp:100) - Instantiating the deployment specific devices
2014-03-27 10:50:36,428 DEBUG OVS_1_10 (OVS_1_10.cpp:42) - Constructor is called
2014-03-27 10:50:36,428 DEBUG OVS_1_10 (OVS_1_10.cpp:42) - Constructor is called
2014-03-27 10:50:36,428 DEBUG AbstractLink (AbstractLink.cpp:33) - AbstractLink constructor is invoked 
2014-03-27 10:50:36,428 DEBUG AbstractLink (AbstractLink.cpp:33) - AbstractLink constructor is invoked 
2014-03-27 10:50:36,429 INFO   (DOT.cpp:112) - DOT Deployment has started
2014-03-27 10:50:36,430 INFO   (DOT.cpp:119) - DOT Topology is generated
2014-03-27 10:51:21,343 INFO   (DOT.cpp:126) - Emulated network has been deployed 
2014-03-27 10:51:21,343 INFO   (DOT.cpp:135) - Generating Mapping File for DOT console 
2014-03-31 09:41:49,033 INFO   (DOT.cpp:164) - DOT main has started 
2014-03-31 09:41:49,034 INFO   (DOT.cpp:210) - The global configuration file: emulations/example_wan/DefaultConfiguration_example_wan
2014-03-31 09:41:49,034 INFO  prepare(std (DOT.cpp:51) - Reading the configurations
2014-03-31 09:41:49,034 INFO  prepare(std (DOT.cpp:86) - Embedding is started
2014-03-31 09:42:58,635 INFO   (DOT.cpp:164) - DOT main has started 
2014-03-31 09:42:58,635 INFO   (DOT.cpp:210) - The global configuration file: emulations/wan/DefaultConfiguration_wan
2014-03-31 09:42:58,635 INFO  prepare(std (DOT.cpp:51) - Reading the configurations
2014-03-31 09:42:58,636 INFO  prepare(std (DOT.cpp:86) - Embedding is started
2014-03-31 09:44:42,268 INFO   (DOT.cpp:164) - DOT main has started 
2014-03-31 09:44:42,268 INFO   (DOT.cpp:210) - The global configuration file: emulations/wan/DefaultConfiguration_wan
2014-03-31 09:44:42,268 INFO  prepare(std (DOT.cpp:51) - Reading the configurations
2014-03-31 09:44:42,268 INFO  prepare(std (DOT.cpp:86) - Embedding is started
2014-03-31 09:46:35,951 INFO   (DOT.cpp:164) - DOT main has started 
2014-03-31 09:46:35,951 INFO   (DOT.cpp:210) - The global configuration file: emulations/wan/DefaultConfiguration_wan
2014-03-31 09:46:35,951 INFO  prepare(std (DOT.cpp:51) - Reading the configurations
2014-03-31 09:46:35,952 INFO  prepare(std (DOT.cpp:86) - Embedding is started
2014-03-31 09:49:36,185 INFO   (DOT.cpp:164) - DOT main has started 
2014-03-31 09:49:36,186 INFO   (DOT.cpp:210) - The global configuration file: emulations/wan/DefaultConfiguration_wan
2014-03-31 09:49:36,186 INFO  prepare(std (DOT.cpp:51) - Reading the configurations
2014-03-31 09:49:36,186 INFO  prepare(std (DOT.cpp:86) - Embedding is started
2014-03-31 09:50:48,256 INFO   (DOT.cpp:164) - DOT main has started 
2014-03-31 09:50:48,257 INFO   (DOT.cpp:210) - The global configuration file: emulations/wan/DefaultConfiguration_wan
2014-03-31 09:50:48,257 INFO  prepare(std (DOT.cpp:51) - Reading the configurations
2014-03-31 09:50:48,257 INFO  prepare(std (DOT.cpp:86) - Embedding is started
2014-03-31 09:50:48,260 INFO  prepare(std (DOT.cpp:100) - Instantiating the deployment specific devices
2014-03-31 09:50:48,260 INFO   (DOT.cpp:112) - DOT Deployment has started
2014-03-31 09:50:48,260 INFO   (DOT.cpp:119) - DOT Topology is generated
2014-03-31 09:51:15,824 INFO   (DOT.cpp:126) - Emulated network has been deployed 
2014-03-31 09:51:15,824 INFO   (DOT.cpp:135) - Generating Mapping File for DOT console 
